Arguments: 
  /usr/local/bin/node /usr/local/bin/yarn install

PATH: 
  /usr/local/bin:/usr/local/bin:/usr/bin:/bin:/usr/sbin:/sbin:/opt/X11/bin

Yarn version: 
  0.24.6

Node version: 
  6.11.1

Platform: 
  darwin x64

npm manifest: 
  {
    "name": "mrp-sms",
    "version": "0.1.0",
    "private": true,
    "devDependencies": {
      "auth0-react-scripts": "0.6.20",
      "babel-preset-env": "^1.6.0",
      "react-scripts": "0.6.1"
    },
    "dependencies": {
      "auth0-lock": "^10.12.1",
      "bootstrap": "^4.0.0-alpha.6",
      "classnames": "^2.2.5",
      "dotenv": "^4.0.0",
      "events": "^1.1.1",
      "express": "^4.15.0",
      "express-jwt": "^5.1.0",
      "firebase": "^3.5.0",
      "install": "^0.8.7",
      "jwt-decode": "^2.1.0",
      "moment": "^2.21.0",
      "npm": "^4.2.0",
      "object-assign": "^4.1.1",
      "rc-collapse": "^1.6.12",
      "rc-collapse-icon": "^1.5.3",
      "react": "^15.4.2",
      "react-addons-css-transition-group": "^15.4.2",
      "react-addons-pure-render-mixin": "*",
      "react-addons-transition-group": "^15.4.2",
      "react-alert": "^1.0.14",
      "react-bootstrap": "^0.30.8",
      "react-button": "^1.2.1",
      "react-checkbox-group": "^3.1.0",
      "react-data-grid": "^2.0.24",
      "react-data-grid-addons": "^2.0.24",
      "react-dom": "^15.4.2",
      "react-icons": "^2.2.3",
      "react-image": "^1.0.1",
      "react-overlays": "^0.6.12",
      "react-panels": "^2.5.1",
      "react-qr-svg": "^2.1.0",
      "react-router": "^3.0.2",
      "react-sidebar": "^2.3.0",
      "react-spinkit": "^3.0.0",
      "react-tab-panel": "^2.2.7",
      "react-tabs": "^0.8.2",
      "reactable": "^0.14.0",
      "reactstrap": "^4.8.0",
      "semantic-ui-css": "^2.2.10",
      "semantic-ui-react": "^0.71.3"
    },
    "scripts": {
      "start": "react-scripts start",
      "build": "react-scripts build",
      "test": "react-scripts test --env=jsdom",
      "eject": "react-scripts eject"
    }
  }

yarn manifest: 
  No manifest

Lockfile: 
  No lockfile

Trace: 
  Error: http://registry.npmjs.org/auth0-lock: Invalid protocol: proxy-wsa.esl.cisco.com:
      at Request.init (/usr/local/Cellar/yarn/0.24.6/libexec/lib/yarn-cli.js:108126:31)
      at new Request (/usr/local/Cellar/yarn/0.24.6/libexec/lib/yarn-cli.js:107796:8)
      at request (/usr/local/Cellar/yarn/0.24.6/libexec/lib/yarn-cli.js:106394:10)
      at RequestManager.execute (/usr/local/Cellar/yarn/0.24.6/libexec/lib/yarn-cli.js:56300:17)
      at RequestManager.shiftQueue (/usr/local/Cellar/yarn/0.24.6/libexec/lib/yarn-cli.js:56327:10)
      at promise.default (/usr/local/Cellar/yarn/0.24.6/libexec/lib/yarn-cli.js:56104:12)
      at Promise.F (/usr/local/Cellar/yarn/0.24.6/libexec/lib/yarn-cli.js:29142:28)
      at RequestManager.request (/usr/local/Cellar/yarn/0.24.6/libexec/lib/yarn-cli.js:56102:21)
      at NpmRegistry.request (/usr/local/Cellar/yarn/0.24.6/libexec/lib/yarn-cli.js:30492:32)
      at /usr/local/Cellar/yarn/0.24.6/libexec/lib/yarn-cli.js:43431:54
